\BOOKMARK [1][-]{section.1}{\376\377\000T\000a\000r\000e\000a\000\040\000D\000o\000c\000u\000m\000e\000n\000t\000o}{}% 1
\BOOKMARK [1][-]{section.2}{\376\377\000T\000a\000r\000e\000a\000\040\000P\000l\000a\000t\000a\000f\000o\000r\000m\000a}{}% 2
\BOOKMARK [1][-]{section.3}{\376\377\000U\000R\000L\000\040\000G\000i\000t\000H\000u\000b}{}% 3
\BOOKMARK [1][-]{section.4}{\376\377\000T\000a\000r\000e\000a\000s\000\040\000D\000o\000c\000u\000m\000e\000n\000t\000o}{}% 4
\BOOKMARK [2][-]{subsection.4.1}{\376\377\000L\000i\000s\000t\000a\000r\000\040\000l\000o\000s\000\040\000a\000r\000c\000h\000i\000v\000o\000s\000\040\000M\000a\000r\000k\000d\000o\000w\000n\000\040\000d\000i\000s\000p\000o\000n\000i\000b\000l\000e\000s\000/\000\040\000V\000e\000r\000\040\000e\000l\000\040\000c\000o\000n\000t\000e\000n\000i\000d\000o\000\040\000d\000e\000\040\000u\000n\000\040\000a\000r\000c\000h\000i\000v\000o\000\040\000M\000a\000r\000k\000d\000o\000w\000n\000\040\000t\000r\000a\000d\000u\000c\000i\000d\000o\000\040\000a\000\040\000H\000T\000M\000L\000/\000\040\000C\000r\000e\000a\000r\000\040\000n\000u\000e\000v\000o\000s\000\040\000a\000r\000c\000h\000i\000v\000o\000s\000\040\000M\000a\000r\000k\000D\000o\000w\000n\000\040\000y\000\040\000a\000l\000m\000a\000c\000e\000n\000a\000r\000l\000o\000s\000\040\000e\000n\000\040\000e\000l\000\040\000s\000e\000r\000v\000i\000d\000o\000r}{section.4}% 5
\BOOKMARK [1][-]{section.5}{\376\377\000T\000a\000r\000e\000a\000s\000\040\000P\000l\000a\000t\000a\000f\000o\000r\000m\000a}{}% 6
\BOOKMARK [2][-]{subsection.5.1}{\376\377\000L\000i\000s\000t\000e\000\040\000l\000a\000s\000\040\000r\000e\000g\000i\000o\000n\000e\000s}{section.5}% 7
\BOOKMARK [2][-]{subsection.5.2}{\376\377\000M\000u\000e\000s\000t\000r\000e\000\040\000e\000l\000\040\000n\000\372\000m\000e\000r\000o\000\040\000t\000o\000t\000a\000l\000\040\000d\000e\000\040\000c\000o\000n\000f\000i\000r\000m\000a\000d\000o\000s\000\040\000p\000o\000r\000\040\000r\000e\000g\000i\000\363\000n}{section.5}% 8
\BOOKMARK [2][-]{subsection.5.3}{\376\377\000E\000n\000c\000u\000e\000n\000t\000r\000e\000\040\000l\000a\000s\000\040\0001\0000\000\040\000r\000e\000g\000i\000o\000n\000e\000s\000\040\000c\000u\000y\000a\000\040\000s\000u\000m\000a\000\040\000t\000o\000t\000a\000l\000\040\000s\000e\000a\000\040\000l\000a\000\040\000m\000a\000y\000o\000r}{section.5}% 9
\BOOKMARK [2][-]{subsection.5.4}{\376\377\000V\000i\000s\000u\000a\000l\000i\000c\000e\000\040\000u\000n\000\040\000g\000r\000\341\000f\000i\000c\000o\000\040\000e\000n\000\040\000e\000l\000\040\000t\000i\000e\000m\000p\000o\000\040\000d\000e\000\040\000l\000o\000s\000\040\000v\000a\000l\000o\000r\000e\000s\000\040\000p\000a\000r\000a\000\040\000l\000a\000\040\000r\000e\000g\000i\000\363\000n\000\040\000d\000e\000\040\000A\000r\000e\000q\000u\000i\000p\000a}{section.5}% 10
\BOOKMARK [2][-]{subsection.5.5}{\376\377\000H\000a\000g\000a\000\040\000g\000r\000\341\000f\000i\000c\000o\000s\000\040\000c\000o\000m\000p\000a\000r\000a\000t\000i\000v\000o\000s\000\040\000e\000n\000t\000r\000e\000\040\000r\000e\000g\000i\000o\000n\000e\000s\000\040\000u\000s\000a\000n\000d\000o\000\040\000l\000\355\000n\000e\000a\000s}{section.5}% 11
\BOOKMARK [2][-]{subsection.5.6}{\376\377\000V\000i\000s\000u\000a\000l\000i\000c\000e\000\040\000u\000n\000\040\000g\000r\000\341\000f\000i\000c\000o\000\040\000c\000o\000m\000p\000a\000r\000a\000t\000i\000v\000o\000\040\000d\000e\000l\000\040\000c\000r\000e\000c\000i\000m\000i\000e\000n\000t\000o\000\040\000e\000n\000\040\000r\000e\000g\000i\000o\000n\000e\000s\000\040\000e\000x\000c\000e\000p\000t\000o\000\040\000L\000i\000m\000a\000\040\000y\000\040\000C\000a\000l\000l\000a\000o}{section.5}% 12
\BOOKMARK [2][-]{subsection.5.7}{\376\377\000H\000a\000g\000a\000\040\000g\000r\000\341\000f\000i\000c\000o\000s\000\040\000c\000o\000m\000p\000a\000r\000a\000t\000i\000v\000o\000s\000\040\000e\000n\000t\000r\000e\000\040\000r\000e\000g\000i\000o\000n\000e\000s\000\040\000e\000l\000e\000g\000i\000d\000a\000s\000\040\000p\000o\000r\000\040\000e\000l\000\040\000u\000s\000u\000a\000r\000i\000o\000.}{section.5}% 13
\BOOKMARK [2][-]{subsection.5.8}{\376\377\000V\000i\000s\000u\000a\000l\000i\000c\000e\000\040\000u\000n\000\040\000g\000r\000\341\000f\000i\000c\000o\000\040\000c\000o\000m\000p\000a\000r\000a\000t\000i\000v\000o\000\040\000d\000e\000l\000\040\000c\000r\000e\000c\000i\000m\000i\000e\000n\000t\000o\000\040\000e\000n\000\040\000r\000e\000g\000i\000o\000n\000e\000s\000\040\000e\000x\000c\000e\000p\000t\000o\000\040\000L\000i\000m\000a\000\040\000y\000\040\000C\000a\000l\000l\000a\000o\000,\000\040\000m\000o\000s\000t\000r\000a\000n\000d\000o\000\040\000e\000l\000\040\000n\000\372\000m\000e\000r\000o\000\040\000d\000e\000\040\000c\000o\000n\000f\000i\000r\000m\000a\000d\000o\000s\000\040\000p\000o\000r\000\040\000c\000a\000d\000a\000\040\000d\000\355\000a}{section.5}% 14
\BOOKMARK [1][-]{section.6}{\376\377\000w\0003\000s\000c\000h\000o\000o\000l\000s}{}% 15
\BOOKMARK [2][-]{subsection.6.1}{\376\377\000L\000u\000i\000s\000\040\000G\000u\000i\000l\000l\000e\000r\000m\000o\000\040\000L\000u\000q\000u\000e\000\040\000C\000o\000n\000d\000o\000r\000i}{section.6}% 16
\BOOKMARK [3][-]{subsubsection.6.1.1}{\376\377\000F\000o\000t\000o\000s\000\040\000d\000e\000\040\000p\000r\000u\000e\000b\000a}{subsection.6.1}% 17
\BOOKMARK [2][-]{subsection.6.2}{\376\377\000F\000e\000r\000n\000a\000n\000d\000o\000\040\000M\000i\000g\000u\000e\000l\000\040\000G\000a\000r\000a\000m\000b\000e\000l\000\040\000M\000a\000r\000\355\000n}{section.6}% 18
\BOOKMARK [3][-]{subsubsection.6.2.1}{\376\377\000F\000o\000t\000o\000s\000\040\000d\000e\000\040\000p\000r\000u\000e\000b\000a}{subsection.6.2}% 19
\BOOKMARK [2][-]{subsection.6.3}{\376\377\000W\000i\000l\000l\000i\000a\000m\000\040\000H\000e\000r\000d\000e\000r\000s\000o\000n\000\040\000C\000h\000o\000q\000u\000e\000h\000u\000a\000n\000c\000a\000\040\000B\000e\000r\000m\000a}{section.6}% 20
\BOOKMARK [3][-]{subsubsection.6.3.1}{\376\377\000F\000o\000t\000o\000s\000\040\000d\000e\000\040\000p\000r\000u\000e\000b\000a}{subsection.6.3}% 21
\BOOKMARK [2][-]{subsection.6.4}{\376\377\000J\000e\000a\000n\000s\000\040\000A\000n\000t\000h\000o\000n\000y\000\040\000A\000j\000r\000a\000\040\000H\000u\000a\000c\000s\000o}{section.6}% 22
\BOOKMARK [3][-]{subsubsection.6.4.1}{\376\377\000F\000o\000t\000o\000s\000\040\000d\000e\000\040\000p\000r\000u\000e\000b\000a}{subsection.6.4}% 23
\BOOKMARK [1][-]{section.7}{\376\377\000R\000\372\000b\000r\000i\000c\000a\000s}{}% 24
\BOOKMARK [2][-]{subsection.7.1}{\376\377\000E\000n\000t\000r\000e\000g\000a\000b\000l\000e\000\040\000I\000n\000f\000o\000r\000m\000e}{section.7}% 25
\BOOKMARK [1][-]{section.8}{\376\377\000R\000e\000f\000e\000r\000e\000n\000c\000i\000a\000s}{}% 26
